2022-02-22 22:07:42,578	[ERROR]	LabeledData.Dao.Impl.TblUserDaoImpl::Login() :: Sql=SELECT * FROM tbl_user WHERE login_name=@loginName LIMIT 1
 - Error:42703: column "loginname" does not exist

POSITION: 42
2022-02-22 22:07:42,583	[ERROR]	LabeledData.Controllers.BaseController::SystemError() :: Error:42703: column "loginname" does not exist

POSITION: 42
2022-02-22 22:21:07,374	[ERROR]	LabeledDataManagement.Controllers.ListUser::Index() :: Error:-----------------------------
2022-02-22 22:21:35,825	[ERROR]	LabeledDataManagement.Controllers.ListUser::Index() :: Error:-----------------------------
2022-02-22 22:21:36,738	[ERROR]	LabeledDataManagement.Controllers.ListUser::Index() :: Error:-----------------------------
2022-02-22 22:21:37,631	[ERROR]	LabeledDataManagement.Controllers.ListUser::Index() :: Error:-----------------------------
2022-02-22 22:21:38,519	[ERROR]	LabeledDataManagement.Controllers.ListUser::Index() :: Error:-----------------------------
2022-02-22 22:21:39,411	[ERROR]	LabeledDataManagement.Controllers.ListUser::Index() :: Error:-----------------------------
2022-02-22 22:21:40,300	[ERROR]	LabeledDataManagement.Controllers.ListUser::Index() :: Error:-----------------------------
2022-02-22 22:21:41,470	[ERROR]	LabeledDataManagement.Controllers.ListUser::Index() :: Error:-----------------------------
2022-02-22 22:21:42,351	[ERROR]	LabeledDataManagement.Controllers.ListUser::Index() :: Error:-----------------------------
2022-02-22 22:21:43,238	[ERROR]	LabeledDataManagement.Controllers.ListUser::Index() :: Error:-----------------------------
2022-02-22 22:21:44,121	[ERROR]	LabeledDataManagement.Controllers.ListUser::Index() :: Error:-----------------------------
2022-02-22 22:21:45,035	[ERROR]	LabeledDataManagement.Controllers.ListUser::Index() :: Error:-----------------------------
2022-02-22 22:21:45,923	[ERROR]	LabeledDataManagement.Controllers.ListUser::Index() :: Error:-----------------------------
2022-02-22 22:21:46,802	[ERROR]	LabeledDataManagement.Controllers.ListUser::Index() :: Error:-----------------------------
2022-02-22 22:21:47,687	[ERROR]	LabeledDataManagement.Controllers.ListUser::Index() :: Error:-----------------------------
2022-02-22 22:21:48,565	[ERROR]	LabeledDataManagement.Controllers.ListUser::Index() :: Error:-----------------------------
2022-02-22 22:21:49,459	[ERROR]	LabeledDataManagement.Controllers.ListUser::Index() :: Error:-----------------------------
2022-02-22 22:21:50,341	[ERROR]	LabeledDataManagement.Controllers.ListUser::Index() :: Error:-----------------------------
2022-02-22 22:21:51,220	[ERROR]	LabeledDataManagement.Controllers.ListUser::Index() :: Error:-----------------------------
2022-02-22 22:21:52,100	[ERROR]	LabeledDataManagement.Controllers.ListUser::Index() :: Error:-----------------------------
2022-02-22 22:21:54,019	[ERROR]	LabeledDataManagement.Controllers.ListUser::Index() :: Error:-----------------------------
2022-02-22 22:21:54,898	[ERROR]	LabeledDataManagement.Controllers.ListUser::Index() :: Error:-----------------------------
2022-02-22 22:21:55,778	[ERROR]	LabeledDataManagement.Controllers.ListUser::Index() :: Error:-----------------------------
2022-02-22 22:21:56,666	[ERROR]	LabeledDataManagement.Controllers.ListUser::Index() :: Error:-----------------------------
2022-02-22 22:21:57,552	[ERROR]	LabeledDataManagement.Controllers.ListUser::Index() :: Error:-----------------------------
2022-02-22 22:21:58,439	[ERROR]	LabeledDataManagement.Controllers.ListUser::Index() :: Error:-----------------------------
2022-02-22 22:21:59,327	[ERROR]	LabeledDataManagement.Controllers.ListUser::Index() :: Error:-----------------------------
2022-02-22 22:22:00,222	[ERROR]	LabeledDataManagement.Controllers.ListUser::Index() :: Error:-----------------------------
2022-02-22 22:22:01,115	[ERROR]	LabeledDataManagement.Controllers.ListUser::Index() :: Error:-----------------------------
2022-02-22 22:22:02,007	[ERROR]	LabeledDataManagement.Controllers.ListUser::Index() :: Error:-----------------------------
2022-02-22 22:22:02,893	[ERROR]	LabeledDataManagement.Controllers.ListUser::Index() :: Error:-----------------------------
2022-02-22 22:22:03,778	[ERROR]	LabeledDataManagement.Controllers.ListUser::Index() :: Error:-----------------------------
2022-02-22 22:22:04,666	[ERROR]	LabeledDataManagement.Controllers.ListUser::Index() :: Error:-----------------------------
2022-02-22 22:22:05,553	[ERROR]	LabeledDataManagement.Controllers.ListUser::Index() :: Error:-----------------------------
2022-02-22 22:22:06,439	[ERROR]	LabeledDataManagement.Controllers.ListUser::Index() :: Error:-----------------------------
2022-02-22 22:22:07,330	[ERROR]	LabeledDataManagement.Controllers.ListUser::Index() :: Error:-----------------------------
2022-02-22 22:22:08,222	[ERROR]	LabeledDataManagement.Controllers.ListUser::Index() :: Error:-----------------------------
2022-02-22 22:22:09,109	[ERROR]	LabeledDataManagement.Controllers.ListUser::Index() :: Error:-----------------------------
2022-02-22 22:22:10,010	[ERROR]	LabeledDataManagement.Controllers.ListUser::Index() :: Error:-----------------------------
2022-02-22 22:22:10,897	[ERROR]	LabeledDataManagement.Controllers.ListUser::Index() :: Error:-----------------------------
2022-02-22 22:22:16,810	[ERROR]	LabeledDataManagement.Controllers.ListUser::Index() :: Error:-----------------------------
2022-02-22 22:22:17,702	[ERROR]	LabeledDataManagement.Controllers.ListUser::Index() :: Error:-----------------------------
2022-02-22 22:22:18,588	[ERROR]	LabeledDataManagement.Controllers.ListUser::Index() :: Error:-----------------------------
2022-02-22 22:22:19,476	[ERROR]	LabeledDataManagement.Controllers.ListUser::Index() :: Error:-----------------------------
2022-02-22 22:22:20,362	[ERROR]	LabeledDataManagement.Controllers.ListUser::Index() :: Error:-----------------------------
2022-02-22 22:22:21,248	[ERROR]	LabeledDataManagement.Controllers.ListUser::Index() :: Error:-----------------------------
2022-02-22 22:22:22,138	[ERROR]	LabeledDataManagement.Controllers.ListUser::Index() :: Error:-----------------------------
2022-02-22 22:22:23,029	[ERROR]	LabeledDataManagement.Controllers.ListUser::Index() :: Error:-----------------------------
2022-02-22 22:22:23,917	[ERROR]	LabeledDataManagement.Controllers.ListUser::Index() :: Error:-----------------------------
2022-02-22 22:22:24,800	[ERROR]	LabeledDataManagement.Controllers.ListUser::Index() :: Error:-----------------------------
2022-02-22 22:22:25,696	[ERROR]	LabeledDataManagement.Controllers.ListUser::Index() :: Error:-----------------------------
2022-02-22 22:22:26,591	[ERROR]	LabeledDataManagement.Controllers.ListUser::Index() :: Error:-----------------------------
2022-02-22 22:22:27,478	[ERROR]	LabeledDataManagement.Controllers.ListUser::Index() :: Error:-----------------------------
2022-02-22 22:22:28,357	[ERROR]	LabeledDataManagement.Controllers.ListUser::Index() :: Error:-----------------------------
2022-02-22 22:22:29,243	[ERROR]	LabeledDataManagement.Controllers.ListUser::Index() :: Error:-----------------------------
2022-02-22 22:22:30,130	[ERROR]	LabeledDataManagement.Controllers.ListUser::Index() :: Error:-----------------------------
2022-02-22 22:22:31,021	[ERROR]	LabeledDataManagement.Controllers.ListUser::Index() :: Error:-----------------------------
2022-02-22 22:22:31,904	[ERROR]	LabeledDataManagement.Controllers.ListUser::Index() :: Error:-----------------------------
2022-02-22 22:25:39,662	[ERROR]	LabeledData.Controllers.BaseController::SystemError() :: Error:Index (zero based) must be greater than or equal to zero and less than the size of the argument list.
2022-02-22 22:25:39,750	[ERROR]	LabeledData.Controllers.BaseController::SystemError() :: Error:Index (zero based) must be greater than or equal to zero and less than the size of the argument list.
2022-02-22 22:28:10,436	[ERROR]	LabeledData.Controllers.BaseController::SystemError() :: Error:Index (zero based) must be greater than or equal to zero and less than the size of the argument list.
2022-02-22 22:39:02,687	[ERROR]	LabeledData.Controllers.ListData::Index() :: Error:Object reference not set to an instance of an object.
2022-02-22 22:40:32,404	[ERROR]	LabeledData.Controllers.ListData::Index() :: Error:Object reference not set to an instance of an object.
2022-02-22 22:47:47,960	[ERROR]	LabeledData.Controllers.ListData::Index() :: Error:Object reference not set to an instance of an object.
2022-02-22 23:23:59,285	[ERROR]	LabeledData.Controllers.BaseController::SystemError() :: Error:Object reference not set to an instance of an object.
2022-02-22 23:35:53,652	[ERROR]	LabeledData.Controllers.BaseController::SystemError() :: Error:Object reference not set to an instance of an object.
